ISim log file
Running: H:\Student\ugrad18\abpatel2\ECE_481\Lab_1\Lab_1\top_adder_tb_isim_beh.exe -intstyle ise -gui -tclbatch isim.cmd -wdb H:/Student/ugrad18/abpatel2/ECE_481/Lab_1/Lab_1/top_adder_tb_isim_beh.wdb 
ISim P.20131013 (signature 0x7708f090)
----------------------------------------------------------------------
INFO:Security:51 - The XILINXD_LICENSE_FILE environment variable is not set.
INFO:Security:52 - The LM_LICENSE_FILE environment variable is set to '2200@ece2.bradley.edu;2200@ece2.bradley.edu'.
WARNING:Security:43 - No license file was found in the standard Xilinx license directory.
WARNING:Security:44 - Since no license file was found,
       please run the Xilinx License Configuration Manager
       (xlcm or "Manage Xilinx Licenses")
       to assist in obtaining a license.
WARNING:Security:42 - Your software subscription period has lapsed. Your current version of Xilinx tools will continue to function, but you no longer qualify for Xilinx software updates or new releases.


----------------------------------------------------------------------
This is a Full version of ISim.
Time resolution is 1 ps
# onerror resume
# wave add /
# run 1000 ns
Simulator is doing circuit initialization process.
Finished circuit initialization process.
# restart
# run 500ms
Simulator is doing circuit initialization process.
Finished circuit initialization process.
# run all
# run all
# run all
# run 500ms
# run 500ms
